TN:
SF:src/MainNavigation.tsx
FN:10,AppNavigator
FN:31,MainNavigation
FNF:2
FNH:2
FNDA:1,AppNavigator
FNDA:1,MainNavigation
DA:8,1
DA:11,1
DA:25,1
DA:32,1
LF:4
LH:4
BRF:0
BRH:0
end_of_record
TN:
SF:src/hooks/useApi.ts
FN:8,useApi
FN:18,(anonymous_1)
FN:34,(anonymous_2)
FN:54,(anonymous_3)
FNF:4
FNH:0
FNDA:0,useApi
FNDA:0,(anonymous_1)
FNDA:0,(anonymous_2)
FNDA:0,(anonymous_3)
DA:13,0
DA:14,0
DA:15,0
DA:17,0
DA:19,0
DA:20,0
DA:22,0
DA:23,0
DA:25,0
DA:26,0
DA:28,0
DA:33,0
DA:35,0
DA:36,0
DA:37,0
DA:38,0
DA:39,0
DA:40,0
DA:42,0
DA:43,0
DA:44,0
DA:50,0
DA:54,0
LF:23
LH:0
BRDA:19,0,0,0
BRDA:19,0,1,0
BRDA:22,1,0,0
BRDA:22,1,1,0
BRDA:25,2,0,0
BRDA:25,2,1,0
BRDA:34,3,0,0
BRF:7
BRH:0
end_of_record
TN:
SF:src/infrastructure/api/api.ts
FNF:0
FNH:0
DA:4,2
DA:8,2
LF:2
LH:2
BRF:0
BRH:0
end_of_record
TN:
SF:src/infrastructure/api/errorHandling.interceptor.ts
FN:16,errorHandlingInterceptor
FNF:1
FNH:1
FNDA:3,errorHandlingInterceptor
DA:11,3
DA:19,3
DA:20,3
DA:21,1
DA:24,2
DA:25,1
DA:26,1
DA:31,1
LF:8
LH:8
BRDA:19,0,0,3
BRDA:19,0,1,1
BRDA:20,1,0,1
BRDA:20,1,1,2
BRDA:24,2,0,1
BRDA:24,2,1,1
BRDA:25,3,0,1
BRDA:25,3,1,0
BRF:8
BRH:7
end_of_record
TN:
SF:src/infrastructure/api/index.ts
FNF:0
FNH:0
LF:0
LH:0
BRF:0
BRH:0
end_of_record
TN:
SF:src/infrastructure/api/apiErrors/ApiError.ts
FN:4,(anonymous_0)
FNF:1
FNH:1
FNDA:3,(anonymous_0)
LF:0
LH:0
BRF:0
BRH:0
end_of_record
TN:
SF:src/infrastructure/api/apiErrors/ApiServerError.ts
FNF:0
FNH:0
LF:0
LH:0
BRF:0
BRH:0
end_of_record
TN:
SF:src/infrastructure/api/apiErrors/ApiUnknowError.ts
FNF:0
FNH:0
LF:0
LH:0
BRF:0
BRH:0
end_of_record
TN:
SF:src/infrastructure/api/apiErrors/ApiValidationError.ts
FNF:0
FNH:0
LF:0
LH:0
BRF:0
BRH:0
end_of_record
TN:
SF:src/modules/home/HomeScreen/HomeScreen.styles.tsx
FNF:0
FNH:0
DA:3,2
LF:1
LH:1
BRF:0
BRH:0
end_of_record
TN:
SF:src/modules/home/HomeScreen/HomeScreen.tsx
FN:8,(anonymous_0)
FN:13,(anonymous_1)
FN:20,(anonymous_2)
FN:24,(anonymous_3)
FNF:4
FNH:0
FNDA:0,(anonymous_0)
FNDA:0,(anonymous_1)
FNDA:0,(anonymous_2)
FNDA:0,(anonymous_3)
DA:8,1
DA:9,0
DA:11,0
DA:13,0
DA:14,0
DA:16,0
DA:21,0
DA:24,0
LF:8
LH:1
BRDA:18,0,0,0
BRDA:18,0,1,0
BRDA:19,1,0,0
BRDA:19,1,1,0
BRF:4
BRH:0
end_of_record
TN:
SF:src/modules/home/HomeScreen/index.ts
FNF:0
FNH:0
LF:0
LH:0
BRF:0
BRH:0
end_of_record
TN:
SF:src/modules/home/HomeScreen/useAllCategoriesApi.ts
FN:6,useAllCategoriesApi
FN:15,(anonymous_1)
FNF:2
FNH:2
FNDA:3,useAllCategoriesApi
FNDA:3,(anonymous_1)
DA:13,3
DA:15,3
DA:16,3
DA:19,3
LF:4
LH:4
BRF:0
BRH:0
end_of_record
TN:
SF:src/resources/urls.ts
FNF:0
FNH:0
DA:1,2
LF:1
LH:1
BRF:0
BRH:0
end_of_record
TN:
SF:src/types/AppScreensEnum.ts
FNF:0
FNH:0
LF:0
LH:0
BRF:0
BRH:0
end_of_record
